0 info it worked if it ends with ok
1 verbose cli [ 'C:\\Program Files\\nodejs\\node.exe',
1 verbose cli   'C:\\Program Files\\nodejs\\node_modules\\npm\\bin\\npm-cli.js',
1 verbose cli   'run',
1 verbose cli   'build' ]
2 info using npm@3.10.8
3 info using node@v6.9.1
4 verbose run-script [ 'prebuild', 'build', 'postbuild' ]
5 info lifecycle contactlist@1.0.0~prebuild: contactlist@1.0.0
6 silly lifecycle contactlist@1.0.0~prebuild: no script for prebuild, continuing
7 info lifecycle contactlist@1.0.0~build: contactlist@1.0.0
8 verbose lifecycle contactlist@1.0.0~build: unsafe-perm in lifecycle true
9 verbose lifecycle contactlist@1.0.0~build: PATH: C:\Program Files\nodejs\node_modules\npm\bin\node-gyp-bin;C:\MEST\Personal projects\phonebook-mLab\node_modules\.bin;C:\Ruby23-x64\bin;C:\ProgramData\Oracle\Java\javapath;C:\Program Files (x86)\ActiveState Komodo Edit 9 nightly\;C:\Program Files (x86)\Common Files\Intel\Shared Libraries\redist\intel64\compiler;C:\Windows\system32;C:\Windows;C:\Windows\System32\Wbem;C:\Windows\System32\WindowsPowerShell\v1.0\;C:\Program Files\7-Zip;C:\Program Files (x86)\Intel\OpenCL SDK\2.0\bin\x86;C:\Program Files (x86)\Intel\OpenCL SDK\2.0\bin\x64;C:\Program Files\Common Files\Autodesk Shared\;C:\Program Files (x86)\QuickTime\QTSystem\;C:\Program Files (x86)\NVIDIA Corporation\PhysX\Common;C:\WINDOWS\system32;C:\WINDOWS;C:\WINDOWS\System32\Wbem;C:\WINDOWS\System32\WindowsPowerShell\v1.0\;C:\Program Files\nodejs\;C:\Users\SLEEK\AppData\Local\Programs\Python\Python35-32\Scripts\;C:\Users\SLEEK\AppData\Local\Programs\Python\Python35-32\;C:\Ruby22\bin;C:\Users\SLEEK\AppData\Roaming\npm;C:\Users\SLEEK\AppData\Local\Microsoft\WindowsApps;C:\adb;C:\Program Files (x86)\Skype\Phone\;C:\Program Files (x86)\Heroku\bin;C:\Program Files (x86)\git\cmd;C:\Program Files (x86)\Git\cmd;C:\Users\SLEEK\AppData\Local\Android\sdk\tools
10 verbose lifecycle contactlist@1.0.0~build: CWD: C:\MEST\Personal projects\phonebook-mLab
11 silly lifecycle contactlist@1.0.0~build: Args: [ '/d /s /c',
11 silly lifecycle   'webpack --config webpack.config.js -p --progress --colors' ]
12 silly lifecycle contactlist@1.0.0~build: Returned: code: 1  signal: null
13 info lifecycle contactlist@1.0.0~build: Failed to exec build script
14 verbose stack Error: contactlist@1.0.0 build: `webpack --config webpack.config.js -p --progress --colors`
14 verbose stack Exit status 1
14 verbose stack     at EventEmitter.<anonymous> (C:\Program Files\nodejs\node_modules\npm\lib\utils\lifecycle.js:255:16)
14 verbose stack     at emitTwo (events.js:106:13)
14 verbose stack     at EventEmitter.emit (events.js:191:7)
14 verbose stack     at ChildProcess.<anonymous> (C:\Program Files\nodejs\node_modules\npm\lib\utils\spawn.js:40:14)
14 verbose stack     at emitTwo (events.js:106:13)
14 verbose stack     at ChildProcess.emit (events.js:191:7)
14 verbose stack     at maybeClose (internal/child_process.js:877:16)
14 verbose stack     at Process.ChildProcess._handle.onexit (internal/child_process.js:226:5)
15 verbose pkgid contactlist@1.0.0
16 verbose cwd C:\MEST\Personal projects\phonebook-mLab
17 error Windows_NT 10.0.14393
18 error argv "C:\\Program Files\\nodejs\\node.exe" "C:\\Program Files\\nodejs\\node_modules\\npm\\bin\\npm-cli.js" "run" "build"
19 error node v6.9.1
20 error npm  v3.10.8
21 error code ELIFECYCLE
22 error contactlist@1.0.0 build: `webpack --config webpack.config.js -p --progress --colors`
22 error Exit status 1
23 error Failed at the contactlist@1.0.0 build script 'webpack --config webpack.config.js -p --progress --colors'.
23 error Make sure you have the latest version of node.js and npm installed.
23 error If you do, this is most likely a problem with the contactlist package,
23 error not with npm itself.
23 error Tell the author that this fails on your system:
23 error     webpack --config webpack.config.js -p --progress --colors
23 error You can get information on how to open an issue for this project with:
23 error     npm bugs contactlist
23 error Or if that isn't available, you can get their info via:
23 error     npm owner ls contactlist
23 error There is likely additional logging output above.
24 verbose exit [ 1, true ]
